C51 COMPILER V9.60.0.0   MAIN                                                              03/14/2021 15:34:17 PAGE 1   


C51 COMPILER V9.60.0.0, COMPILATION OF MODULE MAIN
OBJECT MODULE PLACED IN .\Objects\main.obj
COMPILER INVOKED BY: D:\study\Keil5\C51\BIN\C51.EXE main.c OPTIMIZE(8,SPEED) BROWSE DEBUG OBJECTEXTEND PRINT(.\Listings\
                    -main.lst) TABS(2) OBJECT(.\Objects\main.obj)

line level    source

   1          #include <STC12C5A60S2.H>
   2          #include "oled.h"
   3          
   4          #define u8 unsigned char
   5          #define u16 unsigned int
   6          
   7          delay_ms(u16 ms)
   8          {
   9   1        u16 i,j;
  10   1        for(i=0;i<ms;i++)
  11   1          for(j=846;j>0;j--);
  12   1      }
  13          
  14          void main()
  15          {
  16   1        delay_ms(50);
  17   1        OLED_Init();
  18   1        OLED_Clear();
  19   1        OLED_transport(0, 0, 11);//无刷电机控制系统
  20   1        OLED_transport(16, 0, 12);
  21   1        OLED_transport(32, 0, 13);
  22   1        OLED_transport(48, 0, 14);
  23   1        OLED_transport(64, 0, 15);
  24   1        OLED_transport(80, 0, 16);
  25   1        OLED_transport(96, 0, 17);
  26   1        OLED_transport(112, 0, 18);
  27   1        
  28   1        OLED_transport(0, 4, 0);//模式：等待控制
  29   1        OLED_transport(16, 4, 1);
  30   1        OLED_transport(32, 4, 2);
  31   1        OLED_transport(50, 4, 19);
  32   1        OLED_transport(66, 4, 20);
  33   1        OLED_transport(82, 4, 15);
  34   1        OLED_transport(98, 4, 16);
  35   1        OLED_Showpicture(1);
  36   1        while(1)
  37   1        {
  38   2          
  39   2        }
  40   1      }
*** WARNING C290 IN LINE 12 OF main.c: missing return value


MODULE INFORMATION:   STATIC OVERLAYABLE
   CODE SIZE        =    184    ----
   CONSTANT SIZE    =   ----    ----
   XDATA SIZE       =   ----    ----
   PDATA SIZE       =   ----    ----
   DATA SIZE        =   ----    ----
   IDATA SIZE       =   ----    ----
   BIT SIZE         =   ----    ----
END OF MODULE INFORMATION.


C51 COMPILATION COMPLETE.  1 WARNING(S),  0 ERROR(S)
